<?xml version="1.0" encoding="UTF-8"?>
<!-- Generated by org.testng.reporters.JUnitXMLReporter -->
<testsuite hostname="DESKTOP-QFDSF5H" name="DropBoxTests" tests="5" failures="0" timestamp="23 Apr 2016 14:05:13 GMT" time="761.407" errors="0">
  <testcase name="uploadFile" time="36.901" classname="com.optile.dropboxTask.Tests.DropBoxTests"/>
  <testcase name="checkShowDeletedFilesFunction" time="144.128" classname="com.optile.dropboxTask.Tests.DropBoxTests"/>
  <testcase name="createNewFolder" time="184.218" classname="com.optile.dropboxTask.Tests.DropBoxTests"/>
  <testcase name="loginLoginOut" time="181.051" classname="com.optile.dropboxTask.Tests.DropBoxTests"/>
  <testcase name="deleteFile" time="176.003" classname="com.optile.dropboxTask.Tests.DropBoxTests"/>
</testsuite> <!-- DropBoxTests -->
