<?xml version="1.0" encoding="UTF-8"?>
<!-- Generated by org.testng.reporters.JUnitXMLReporter -->
<testsuite hostname="DESKTOP-QFDSF5H" name="DropDownTests" tests="5" failures="0" timestamp="23 Apr 2016 13:08:54 GMT" time="167.565" errors="0">
  <testcase name="uploadFile" time="19.044" classname="com.optyle.dropboxTask.Tests.DropDownTests"/>
  <testcase name="checkShowDeletedFilesFunction" time="24.469" classname="com.optyle.dropboxTask.Tests.DropDownTests"/>
  <testcase name="createNewFolder" time="29.677" classname="com.optyle.dropboxTask.Tests.DropDownTests"/>
  <testcase name="loginLoginOut" time="28.99" classname="com.optyle.dropboxTask.Tests.DropDownTests"/>
  <testcase name="deleteFile" time="24.556" classname="com.optyle.dropboxTask.Tests.DropDownTests"/>
</testsuite> <!-- DropDownTests -->
